<?xml version="1.0" encoding="utf-8"?><testsuites name="pytest tests"><testsuite name="pytest" errors="0" failures="0" skipped="0" tests="15" time="4.747" timestamp="2026-02-27T08:49:29.535776+00:00" hostname="agent-env-118ad7d7-99ef-49f2-abee-7d8f85b1e563"><testcase classname="backend.tests.test_nocodb_migration.TestRootAPI" name="test_root_endpoint_returns_message" time="0.134" /><testcase classname="backend.tests.test_nocodb_migration.TestInstanceLocking" name="test_get_instance_status_unauthenticated" time="0.261" /><testcase classname="backend.tests.test_nocodb_migration.TestAuthentication" name="test_auth_me_without_token_returns_401" time="0.049" /><testcase classname="backend.tests.test_nocodb_migration.TestAuthentication" name="test_auth_me_with_valid_token_returns_user" time="0.810" /><testcase classname="backend.tests.test_nocodb_migration.TestAuthentication" name="test_auth_me_with_invalid_token_returns_401" time="0.230" /><testcase classname="backend.tests.test_nocodb_migration.TestAuthentication" name="test_auth_session_validates_session_id" time="0.125" /><testcase classname="backend.tests.test_nocodb_migration.TestAuthentication" name="test_auth_logout_clears_session" time="0.714" /><testcase classname="backend.tests.test_nocodb_migration.TestStatusChecks" name="test_create_status_check_persists_data" time="0.404" /><testcase classname="backend.tests.test_nocodb_migration.TestStatusChecks" name="test_get_status_checks_retrieves_data" time="0.235" /><testcase classname="backend.tests.test_nocodb_migration.TestGatewayOperations" name="test_openclaw_status_without_auth" time="0.356" /><testcase classname="backend.tests.test_nocodb_migration.TestGatewayOperations" name="test_openclaw_start_requires_auth" time="0.058" /><testcase classname="backend.tests.test_nocodb_migration.TestGatewayOperations" name="test_openclaw_stop_requires_auth" time="0.049" /><testcase classname="backend.tests.test_nocodb_migration.TestGatewayOperations" name="test_openclaw_status_with_auth" time="0.739" /><testcase classname="backend.tests.test_nocodb_migration.TestNocoDBPersistence" name="test_nocodb_connection" time="0.131" /><testcase classname="backend.tests.test_nocodb_migration.TestNocoDBPersistence" name="test_nocodb_record_structure" time="0.401" /></testsuite></testsuites>